<?xml version="1.0" encoding="UTF-8"?>
<!-- Generated by org.testng.reporters.JUnitReportReporter -->
<testsuite hostname="DESKTOP-J45QQLO" failures="0" tests="5" name="com.saucedemo.testscripts.TestRunner" time="14.828" errors="0" timestamp="2023-05-08T21:35:30 EDT" skipped="0">
  <testcase classname="com.saucedemo.testscripts.TestRunner" name="runScenario" time="2.903"/>
  <system-out/>
  <testcase classname="com.saucedemo.testscripts.TestRunner" name="runScenario" time="4.186"/>
  <system-out/>
  <testcase classname="com.saucedemo.testscripts.TestRunner" name="runScenario" time="2.703"/>
  <system-out/>
  <testcase classname="com.saucedemo.testscripts.TestRunner" name="runScenario" time="2.238"/>
  <system-out/>
  <testcase classname="com.saucedemo.testscripts.TestRunner" name="runScenario" time="2.798"/>
  <system-out/>
</testsuite> <!-- com.saucedemo.testscripts.TestRunner -->
