<?xml version="1.0" encoding="UTF-8"?>
<!-- Generated by org.testng.reporters.JUnitReportReporter -->
<testsuite hostname="DESKTOP-J45QQLO" failures="0" tests="1" name="com.saucedemo.testscripts.VerifyLastNameErrMsgTest" time="0.774" errors="0" timestamp="2023-05-08T18:10:17 EDT" skipped="0">
  <testcase classname="com.saucedemo.testscripts.VerifyLastNameErrMsgTest" name="launchApplication" time="0.774"/>
  <system-out/>
</testsuite> <!-- com.saucedemo.testscripts.VerifyLastNameErrMsgTest -->
